<?xml version="1.0" encoding="UTF-8"?>
<testsuite name="com.kodilla.testing.collection.CollectionTestSuite" tests="2" skipped="0" failures="0" errors="0" timestamp="2018-01-12T20:40:04" hostname="DESKTOP-LNJ5I96" time="0.004">
  <properties/>
  <testcase name="testCaseOddNumbersExterminatorEmpty" classname="com.kodilla.testing.collection.CollectionTestSuite" time="0.003"/>
  <testcase name="testCaseOddNumbersExterminatorEven" classname="com.kodilla.testing.collection.CollectionTestSuite" time="0.001"/>
  <system-out><![CDATA[Test Suite: begin
Test Case: begin
Test Case: end
Test Case: begin
Test Case: end
Test Suite: end
]]></system-out>
  <system-err><![CDATA[]]></system-err>
</testsuite>
