<?xml version="1.0" encoding="UTF-8"?>
<testsuite name="com.kodilla.patterns.prototype.library.LibraryTestSuite" tests="2" skipped="0" failures="0" errors="0" timestamp="2018-01-12T20:39:55" hostname="DESKTOP-LNJ5I96" time="0.004">
  <properties/>
  <testcase name="testShallowCopy" classname="com.kodilla.patterns.prototype.library.LibraryTestSuite" time="0.003"/>
  <testcase name="testDeepCopy" classname="com.kodilla.patterns.prototype.library.LibraryTestSuite" time="0.001"/>
  <system-out><![CDATA[]]></system-out>
  <system-err><![CDATA[]]></system-err>
</testsuite>
