<?xml version="1.0" encoding="UTF-8"?>
<testsuite name="com.kodilla.patterns.factory.tasks.TaskFactoryTestSuite" tests="1" skipped="0" failures="0" errors="0" timestamp="2018-01-12T20:39:55" hostname="DESKTOP-LNJ5I96" time="0.002">
  <properties/>
  <testcase name="testCreateTask" classname="com.kodilla.patterns.factory.tasks.TaskFactoryTestSuite" time="0.002"/>
  <system-out><![CDATA[]]></system-out>
  <system-err><![CDATA[]]></system-err>
</testsuite>
