<?xml version="1.0" encoding="UTF-8"?>
<testsuite name="com.kodilla.patterns.builder.bigmac.BigmacTestSuite" tests="1" skipped="0" failures="0" errors="0" timestamp="2018-01-12T20:39:55" hostname="DESKTOP-LNJ5I96" time="0.006">
  <properties/>
  <testcase name="testBuilder" classname="com.kodilla.patterns.builder.bigmac.BigmacTestSuite" time="0.006"/>
  <system-out><![CDATA[]]></system-out>
  <system-err><![CDATA[]]></system-err>
</testsuite>
