<?xml version="1.0" encoding="UTF-8"?>
<testsuite name="com.kodilla.good.paterrens.flightService.FlightServiceTestSuite" tests="3" skipped="0" failures="0" errors="0" timestamp="2018-01-12T20:37:04" hostname="DESKTOP-LNJ5I96" time="0.017">
  <properties/>
  <testcase name="testGetFlightsTo" classname="com.kodilla.good.paterrens.flightService.FlightServiceTestSuite" time="0.014"/>
  <testcase name="testGetFlightsFrom" classname="com.kodilla.good.paterrens.flightService.FlightServiceTestSuite" time="0.0"/>
  <testcase name="testGetFlightsVia" classname="com.kodilla.good.paterrens.flightService.FlightServiceTestSuite" time="0.001"/>
  <system-out><![CDATA[]]></system-out>
  <system-err><![CDATA[]]></system-err>
</testsuite>
